\BOOKMARK [0][-]{chapter.1}{Degenerate gRNA libraries}{}% 1
\BOOKMARK [1][-]{section.1.1}{Finding all gRNA targets in the repeat-masked human genome}{chapter.1}% 2
\BOOKMARK [1][-]{section.1.2}{Identifying gRNAs that overlap with known promoters}{chapter.1}% 3
\BOOKMARK [1][-]{section.1.3}{Identifiying a consensus sequence for gRNAs that fall into promoters}{chapter.1}% 4
\BOOKMARK [2][-]{subsection.1.3.1}{Reducing complexity by identifying the most significant clusters}{section.1.3}% 5
\BOOKMARK [0][-]{chapter.2}{Design of theEMT5000 library}{}% 6
\BOOKMARK [1][-]{section.2.1}{Design of the EMT5000 library}{chapter.2}% 7
\BOOKMARK [0][-]{chapter.3}{Analysis of screen with the EMT5000 library and stable cell lines}{}% 8
\BOOKMARK [1][-]{section.3.1}{Bioinformatic analysis of screens with EMT5000 control library and stable cell lines}{chapter.3}% 9
\BOOKMARK [2][-]{subsection.3.1.1}{Read trimming and QC}{section.3.1}% 10
\BOOKMARK [2][-]{subsection.3.1.2}{Deriving gRNA counts from UMI-barcodes without PCR error correction}{section.3.1}% 11
\BOOKMARK [2][-]{subsection.3.1.3}{Assessing PCR error by plotting the number of reads per gRNA against number of different gRNA sequences}{section.3.1}% 12
\BOOKMARK [2][-]{subsection.3.1.4}{Deriving gRNA counts from UMI-barcodes with naive PCR error correction}{section.3.1}% 13
\BOOKMARK [2][-]{subsection.3.1.5}{Bayesian PCR error correction of barcoded sequencing data }{section.3.1}% 14
\BOOKMARK [2][-]{subsection.3.1.6}{Diagnostic plot: Number of UMI-corrected counts versus number of reads per gRNA}{section.3.1}% 15
\BOOKMARK [2][-]{subsection.3.1.7}{Diagnostic plot: compare gRNA counts before and after PCR error correction}{section.3.1}% 16
\BOOKMARK [2][-]{subsection.3.1.8}{Diagnostic plot: Counts versus number of sorted cells}{section.3.1}% 17
\BOOKMARK [2][-]{subsection.3.1.9}{Enrichment analysis: Naive approach}{section.3.1}% 18
\BOOKMARK [2][-]{subsection.3.1.10}{Enrichment analysis using DESeq2}{section.3.1}% 19
\BOOKMARK [2][-]{subsection.3.1.11}{Correlation of Log2Fold enrichment scores from DESeq2 between experiments}{section.3.1}% 20
